[2026-03-14 16:17:56] [User Login] [root] ::1
[2026-03-14 16:18:01] [Cmd Executed] [root] cls
[2026-03-14 16:18:14] [Cmd Executed] [root] cls
[2026-03-14 16:18:40] [Cmd Executed] [root] ؤمس
[2026-03-14 16:18:41] [Cmd Executed] [root] cls
[2026-03-14 16:18:51] [Cmd Executed] [root] cls
[2026-03-14 16:18:54] [Cmd Executed] [root] cls
[2026-03-14 16:18:58] [Cmd Executed] [root] cls
[2026-03-14 16:19:22] [Cmd Executed] [root] cls
[2026-03-14 16:19:23] [Cmd Executed] [root] cls
[2026-03-14 16:19:31] [Cmd Executed] [root] help
[2026-03-14 16:19:33] [Cmd Executed] [root] plan
[2026-03-14 16:19:35] [Cmd Executed] [root] methods
[2026-03-14 16:19:41] [Cmd Executed] [root] cls
[2026-03-14 16:19:42] [Cmd Executed] [root] cls
[2026-03-14 16:19:43] [Cmd Executed] [root] methods
[2026-03-14 16:19:47] [Cmd Executed] [root] cls
[2026-03-14 16:20:41] [Cmd Executed] [root] help
[2026-03-14 16:22:07] [Cmd Executed] [root] cls
[2026-03-14 16:22:07] [Cmd Executed] [root] help
[2026-03-14 16:22:13] [Cmd Executed] [root] help
[2026-03-14 16:22:18] [Cmd Executed] [root] help
[2026-03-14 16:22:27] [Cmd Executed] [root] help
[2026-03-14 16:22:30] [Cmd Executed] [root] cls
[2026-03-14 16:22:31] [Cmd Executed] [root] help
[2026-03-14 16:22:38] [Cmd Executed] [root] cls
[2026-03-14 16:22:38] [Cmd Executed] [root] help
[2026-03-14 16:23:29] [Cmd Executed] [root] cls
[2026-03-14 16:23:30] [Cmd Executed] [root] plan
[2026-03-14 16:23:31] [Cmd Executed] [root] cls
[2026-03-14 16:23:32] [Cmd Executed] [root] plan
[2026-03-14 16:24:03] [Cmd Executed] [root] plan
[2026-03-14 16:24:04] [Cmd Executed] [root] cls
[2026-03-14 16:24:05] [Cmd Executed] [root] plan
[2026-03-14 16:24:08] [Cmd Executed] [root] plan
[2026-03-14 16:24:11] [Cmd Executed] [root] cls
[2026-03-14 16:24:14] [Cmd Executed] [root] cls
[2026-03-14 16:24:14] [Cmd Executed] [root] cls
[2026-03-14 16:24:17] [Cmd Executed] [root] cls
[2026-03-14 16:24:40] [Cmd Executed] [root] cls
[2026-03-14 16:24:59] [Cmd Executed] [root] help
[2026-03-14 16:25:00] [Cmd Executed] [root] plan
[2026-03-14 16:25:01] [Cmd Executed] [root] cls
[2026-03-14 16:25:03] [Cmd Executed] [root] cls
[2026-03-14 16:25:06] [Cmd Executed] [root] cls
[2026-03-14 16:25:11] [Cmd Executed] [root] cls
[2026-03-14 16:25:13] [Cmd Executed] [root] cls
[2026-03-14 16:28:05] [Cmd Executed] [root] cls
[2026-03-14 16:28:07] [Cmd Executed] [root] help
[2026-03-14 16:28:07] [Cmd Executed] [root] plan
[2026-03-14 16:28:08] [Cmd Executed] [root] methods
[2026-03-14 16:28:12] [Cmd Executed] [root] methods
[2026-03-14 16:29:42] [User Login] [root] ::1
[2026-03-14 16:30:00] [Cmd Executed] [root] cls
[2026-03-14 16:30:04] [Cmd Executed] [root] help
[2026-03-14 16:30:05] [Cmd Executed] [root] plan
[2026-03-14 16:30:06] [Cmd Executed] [root] ping
[2026-03-14 16:30:08] [Cmd Executed] [root] cls
[2026-03-14 16:30:10] [Cmd Executed] [root] cls
[2026-03-14 16:30:11] [Cmd Executed] [root] plan
[2026-03-14 16:30:15] [Cmd Executed] [root] methods
[2026-03-14 16:31:10] [Cmd Executed] [root] ka5o
[2026-03-14 16:31:11] [Cmd Executed] [root] cls
[2026-03-14 16:31:12] [Cmd Executed] [root] cls
[2026-03-21 10:21:34] [User Login] [root] ::1
[2026-03-21 10:24:06] [Cmd Executed] [root] ttc
[2026-03-21 10:24:06] [Cmd Executed] [root] c
[2026-03-21 10:24:15] [Cmd Executed] [root] cls
[2026-03-21 10:24:29] [Cmd Executed] [root] methods
[2026-03-21 10:24:30] [Cmd Executed] [root] cls
[2026-03-21 10:26:45] [Cmd Executed] [root] cls
[2026-03-21 10:26:50] [Cmd Executed] [root] clsf fs
[2026-03-21 10:26:50] [Cmd Executed] [root] cls
[2026-03-21 10:27:42] [Cmd Executed] [root] ؤمس
[2026-03-21 10:27:42] [Cmd Executed] [root] cls
[2026-03-21 10:27:47] [Cmd Executed] [root] help
[2026-03-21 10:27:48] [Cmd Executed] [root] plan
[2026-03-21 10:27:49] [Cmd Executed] [root] cls
[2026-03-21 10:27:59] [Cmd Executed] [root] safasf
[2026-03-21 10:38:35] [User Login] [root] ::1
[2026-03-21 10:38:52] [Cmd Executed] [root] cls
[2026-03-21 10:39:07] [Cmd Executed] [root] cls
[2026-03-21 10:39:24] [Cmd Executed] [root] cls
[2026-03-21 10:39:30] [Cmd Executed] [root] cls
[2026-03-21 10:39:54] [Cmd Executed] [root] cls
[2026-03-21 10:40:00] [Cmd Executed] [root] help
[2026-03-21 10:40:06] [Cmd Executed] [root] cls
[2026-03-21 10:40:41] [Cmd Executed] [root] c
[2026-03-21 10:40:52] [Cmd Executed] [root] cls
[2026-03-21 10:40:57] [Cmd Executed] [root] plan
[2026-03-21 10:41:03] [Cmd Executed] [root] cls
[2026-03-21 10:41:16] [Cmd Executed] [root] help
[2026-03-21 10:41:17] [Cmd Executed] [root] cls
[2026-03-21 10:41:26] [Cmd Executed] [root] cls
[2026-03-21 10:41:47] [Cmd Executed] [root] cls
[2026-03-21 10:42:17] [Cmd Executed] [root] cls
[2026-03-21 10:42:23] [Cmd Executed] [root] plan
[2026-03-21 10:42:25] [Cmd Executed] [root] cls
[2026-03-21 10:42:40] [Cmd Executed] [root] cls
[2026-03-21 10:43:20] [Cmd Executed] [root] cls
[2026-03-21 10:43:36] [Cmd Executed] [root] cls
[2026-03-21 10:43:45] [Cmd Executed] [root] casfasfcls
[2026-03-21 10:43:46] [Cmd Executed] [root] cls
[2026-03-21 10:44:13] [Cmd Executed] [root] cls
[2026-03-21 10:44:21] [Cmd Executed] [root] plan
[2026-03-21 10:44:30] [Cmd Executed] [root] cls
[2026-03-21 10:44:35] [Cmd Executed] [root] help
[2026-03-21 10:44:36] [Cmd Executed] [root] cs
[2026-03-21 10:44:37] [Cmd Executed] [root] c
[2026-03-21 10:45:20] [Cmd Executed] [root] plan
[2026-03-21 10:45:21] [Cmd Executed] [root] cls
[2026-03-21 10:46:21] [Cmd Executed] [root] help
[2026-03-21 10:47:06] [Cmd Executed] [root] help
[2026-03-21 10:47:07] [Cmd Executed] [root] help
[2026-03-21 10:47:09] [Cmd Executed] [root] cls
[2026-03-21 10:48:14] [Cmd Executed] [root] attack
[2026-03-21 10:48:15] [Cmd Executed] [root] attacks
[2026-03-21 10:48:16] [Cmd Executed] [root] cls
[2026-03-21 10:48:21] [Cmd Executed] [root] plan
[2026-03-21 10:48:25] [Cmd Executed] [root] help
[2026-03-21 10:48:26] [Cmd Executed] [root] cls
[2026-03-21 10:48:33] [Cmd Executed] [root] cls
[2026-03-21 10:48:43] [Cmd Executed] [root] plan
[2026-03-21 10:48:44] [Cmd Executed] [root] methods
[2026-03-21 10:49:40] [Cmd Executed] [root] methods
[2026-03-21 10:49:41] [Cmd Executed] [root] cls
[2026-03-21 10:49:44] [Cmd Executed] [root] methods
[2026-03-21 10:50:24] [Cmd Executed] [root] methods
[2026-03-21 10:50:25] [Cmd Executed] [root] ؤمس
[2026-03-21 10:50:26] [Cmd Executed] [root] cls
[2026-03-21 10:50:32] [Cmd Executed] [root] methods
[2026-03-21 10:51:08] [Cmd Executed] [root] cls
[2026-03-21 10:51:12] [Cmd Executed] [root] methods
[2026-03-21 10:51:14] [Cmd Executed] [root] plan
[2026-03-21 10:51:26] [Cmd Executed] [root] plan
[2026-03-21 10:51:32] [Cmd Executed] [root] plan
[2026-03-21 10:51:57] [Cmd Executed] [root] plan
[2026-03-21 10:51:58] [Cmd Executed] [root] cls
[2026-03-21 10:52:02] [Cmd Executed] [root] plan
[2026-03-21 10:52:03] [Cmd Executed] [root] methods
[2026-03-21 10:52:04] [Cmd Executed] [root] cls
[2026-03-21 10:52:09] [Cmd Executed] [root] methods
[2026-03-21 10:53:08] [Cmd Executed] [root] !udp
[2026-03-21 10:53:51] [Cmd Executed] [root] cls
[2026-03-21 10:54:38] [User Login] [root] ::1
[2026-03-21 10:55:56] [Cmd Executed] [root] cls
[2026-03-21 10:56:10] [Cmd Executed] [root] cls
[2026-03-21 10:56:23] [Cmd Executed] [root] c
[2026-03-21 10:56:28] [Cmd Executed] [root] sfafasf
[2026-03-21 10:56:53] [Cmd Executed] [root] cls
[2026-03-21 10:56:57] [Cmd Executed] [root] cls
[2026-03-21 10:57:08] [Cmd Executed] [root] cls
[2026-03-21 10:57:20] [Cmd Executed] [root] cls
[2026-03-21 10:57:25] [Cmd Executed] [root] fasfajsfkgas
[2026-03-21 10:57:25] [Cmd Executed] [root] cls
[2026-03-21 10:57:31] [Cmd Executed] [root] help
[2026-03-21 10:57:36] [Cmd Executed] [root] plan
[2026-03-21 10:57:37] [Cmd Executed] [root] plan
[2026-03-21 10:58:37] [User Login] [root] ::1
[2026-03-21 10:59:10] [Cmd Executed] [root] cls
[2026-03-21 11:04:08] [User Login] [root] ::1
[2026-03-21 11:04:20] [Cmd Executed] [root] plan
[2026-03-21 11:04:21] [Cmd Executed] [root] methods
[2026-03-21 11:04:21] [Cmd Executed] [root] cls
[2026-03-21 11:04:32] [Cmd Executed] [root] cls
[2026-03-21 11:04:52] [Cmd Executed] [root] cls
[2026-03-21 11:04:57] [Cmd Executed] [root] helpo
[2026-03-21 11:04:58] [Cmd Executed] [root] help
[2026-03-21 11:05:02] [Cmd Executed] [root] plan
[2026-03-21 11:05:06] [Cmd Executed] [root] c
[2026-03-21 11:06:04] [Cmd Executed] [root] cls
[2026-03-21 11:06:40] [Cmd Executed] [root] cls
[2026-03-21 11:06:46] [Cmd Executed] [root] plan
[2026-03-21 11:06:47] [Cmd Executed] [root] help
[2026-03-21 11:08:14] [User Login] [root] ::1
[2026-03-21 11:08:27] [Cmd Executed] [root] cls
[2026-03-21 11:08:40] [Cmd Executed] [root] help
[2026-03-21 11:08:41] [Cmd Executed] [root] cls
[2026-03-21 11:08:45] [Cmd Executed] [root] plan
[2026-03-21 11:08:46] [Cmd Executed] [root] methods
[2026-03-21 11:09:07] [Cmd Executed] [root] cls
[2026-03-21 11:09:12] [Cmd Executed] [root] methods
[2026-03-21 11:09:18] [Cmd Executed] [root] !icmp
[2026-03-21 11:10:26] [Cmd Executed] [root] ؤمس
[2026-03-21 11:10:27] [Cmd Executed] [root] cls
[2026-03-21 11:10:33] [Cmd Executed] [root] help
[2026-03-21 11:10:35] [Cmd Executed] [root] cls
[2026-03-21 11:11:01] [Cmd Executed] [root] sessions
[2026-03-21 11:11:02] [Cmd Executed] [root] cls
[2026-03-21 11:11:06] [Cmd Executed] [root] online
[2026-03-21 11:11:07] [Cmd Executed] [root] cls
[2026-03-21 11:11:13] [Cmd Executed] [root] help
[2026-03-21 11:11:18] [Cmd Executed] [root] logs
[2026-03-21 11:11:19] [Cmd Executed] [root] cls
[2026-03-21 11:11:40] [User Login] [root] ::1
[2026-03-21 11:11:54] [Cmd Executed] [root] help
[2026-03-21 11:11:55] [Cmd Executed] [root] plan
[2026-03-21 11:11:56] [Cmd Executed] [root] cls
[2026-03-21 11:12:01] [Cmd Executed] [root] commands
[2026-03-21 11:12:03] [Cmd Executed] [root] cls
[2026-03-21 11:12:22] [Cmd Executed] [root] methods
[2026-03-21 11:12:32] [Cmd Executed] [root] help
[2026-03-21 11:12:40] [Cmd Executed] [root] plan
[2026-03-21 11:13:17] [Cmd Executed] [root] uه
[2026-03-21 11:13:18] [Cmd Executed] [root] ui
[2026-03-21 11:13:27] [Cmd Executed] [root] cls
[2026-03-21 11:13:54] [User Login] [root] ::1
[2026-03-21 11:14:02] [Cmd Executed] [root] help
[2026-03-21 11:16:17] [Cmd Executed] [root] cls
[2026-03-21 11:16:34] [Cmd Executed] [root] cls
[2026-03-21 11:17:03] [Cmd Executed] [root] cls
[2026-03-21 11:18:08] [Cmd Executed] [root] cls
[2026-03-21 11:21:52] [Cmd Executed] [root] cls
[2026-03-21 11:22:01] [Cmd Executed] [root] plan
[2026-03-21 11:22:02] [Cmd Executed] [root] help
[2026-03-21 11:22:05] [Cmd Executed] [root] ENCRYPT
[2026-03-21 11:22:13] [Cmd Executed] [root] decrypt
[2026-03-21 11:22:16] [Cmd Executed] [root] cls
[2026-03-21 11:22:21] [Cmd Executed] [root] help
[2026-03-21 11:22:25] [Cmd Executed] [root] c
[2026-03-21 11:24:30] [Cmd Executed] [root] c
[2026-03-21 11:25:01] [Cmd Executed] [root] cks
[2026-03-21 11:25:02] [Cmd Executed] [root] c
[2026-03-21 11:25:08] [Cmd Executed] [root] methods
[2026-03-21 11:26:18] [User Login] [root] ::1
[2026-03-21 11:26:32] [Cmd Executed] [root] methods
[2026-03-21 11:26:51] [Cmd Executed] [root] methods
[2026-03-21 11:26:53] [Cmd Executed] [root] help
[2026-03-21 11:28:07] [Cmd Executed] [root] help
[2026-03-21 11:28:09] [Cmd Executed] [root] plan
[2026-03-21 11:28:35] [Cmd Executed] [root] plan
[2026-03-21 11:28:37] [Cmd Executed] [root] cls
[2026-03-21 11:29:04] [Cmd Executed] [root] cls
[2026-03-21 11:29:21] [Cmd Executed] [root] help
[2026-03-21 11:29:22] [Cmd Executed] [root] cls
[2026-03-21 11:29:31] [Cmd Executed] [root] methods
[2026-03-21 11:29:33] [Cmd Executed] [root] cls
[2026-03-21 11:30:12] [Cmd Executed] [root] udp
[2026-03-21 11:30:13] [Cmd Executed] [root] cls
[2026-03-21 11:30:17] [Cmd Executed] [root] methods
[2026-03-21 11:30:21] [Cmd Executed] [root] !udp
[2026-03-21 11:30:54] [Cmd Executed] [root] !udp
[2026-03-21 11:30:55] [Cmd Executed] [root] cls
[2026-03-21 11:30:59] [Cmd Executed] [root] methods
[2026-03-21 11:31:27] [Cmd Executed] [root] methods
[2026-03-21 11:31:33] [Cmd Executed] [root] cls
[2026-03-21 11:31:39] [Cmd Executed] [root] plan
[2026-03-21 11:31:42] [Cmd Executed] [root] methods
[2026-03-21 11:31:56] [Cmd Executed] [root] cls
[2026-03-21 11:32:09] [Cmd Executed] [root] cls
[2026-03-21 11:32:23] [Cmd Executed] [root] cls
[2026-03-21 11:33:16] [Cmd Executed] [root] cls
[2026-03-21 11:33:56] [User Login] [root] ::1
[2026-03-21 11:34:09] [Cmd Executed] [root] plan
[2026-03-21 11:34:11] [Cmd Executed] [root] c
[2026-03-21 11:34:18] [Cmd Executed] [root] h
[2026-03-21 11:34:18] [Cmd Executed] [root] ?
[2026-03-21 11:34:20] [Cmd Executed] [root] help
[2026-03-21 11:35:13] [Cmd Executed] [root] c
[2026-03-21 11:35:22] [Cmd Executed] [root] plan
[2026-03-21 11:35:25] [Cmd Executed] [root] methods
[2026-03-21 11:35:30] [Cmd Executed] [root] methods
[2026-03-21 11:35:31] [Cmd Executed] [root] methods
[2026-03-21 11:35:44] [Cmd Executed] [root] methods
[2026-03-21 11:36:34] [User Login] [root] ::1
[2026-03-21 11:36:43] [Cmd Executed] [root] help
[2026-03-21 11:36:45] [Cmd Executed] [root] cls
[2026-03-21 11:36:49] [Cmd Executed] [root] !tab
[2026-03-21 11:36:56] [Cmd Executed] [root] !tab 1.1.1.1 30 30
[2026-03-21 11:36:56] [Attack Sent] [root] 1.1.1.1         30    30  s [!tab]
[2026-03-21 11:37:13] [Cmd Executed] [root] !tab 1.1.1.1 30 30 -d
[2026-03-21 11:37:13] [Attack Sent] [root] 1.1.1.1         30    30  s [!tab]
[2026-03-21 11:37:16] [Cmd Executed] [root] ongoing
[2026-03-21 11:37:17] [Cmd Executed] [root] cls
[2026-03-21 11:37:29] [Cmd Executed] [root] !tab 1.1.1.1 30 30 
[2026-03-21 11:37:29] [Attack Sent] [root] 1.1.1.1         30    30  s [!tab]
[2026-03-21 11:37:34] [Cmd Executed] [root] !tab 1.1.1.1 30 30 
[2026-03-21 11:37:34] [Attack Sent] [root] 1.1.1.1         30    30  s [!tab]
[2026-03-21 11:37:40] [Cmd Executed] [root] !tab 1.1.1.1 30 30 
[2026-03-21 11:37:40] [Attack Sent] [root] 1.1.1.1         30    30  s [!tab]
[2026-03-21 11:37:40] [Cmd Executed] [root] !tab 1.1.1.1 30 30 
[2026-03-21 11:37:40] [Attack Sent] [root] 1.1.1.1         30    30  s [!tab]
[2026-03-21 11:37:40] [Cmd Executed] [root] !tab 1.1.1.1 30 30 
[2026-03-21 11:37:41] [Attack Sent] [root] 1.1.1.1         30    30  s [!tab]
[2026-03-21 11:37:41] [Cmd Executed] [root] !tab 1.1.1.1 30 30 
[2026-03-21 11:37:41] [Attack Sent] [root] 1.1.1.1         30    30  s [!tab]
[2026-03-21 11:37:41] [Cmd Executed] [root] !tab 1.1.1.1 30 30 
[2026-03-21 11:37:41] [Attack Sent] [root] 1.1.1.1         30    30  s [!tab]
[2026-03-21 11:37:41] [Cmd Executed] [root] !tab 1.1.1.1 30 30 
[2026-03-21 11:37:41] [Attack Sent] [root] 1.1.1.1         30    30  s [!tab]
[2026-03-21 11:37:43] [Cmd Executed] [root] !tab 1.1.1.1 30 30 
[2026-03-21 11:37:43] [Attack Sent] [root] 1.1.1.1         30    30  s [!tab]
[2026-03-21 11:37:44] [Cmd Executed] [root] !tab 1.1.1.1 30 30 
[2026-03-21 11:37:44] [Attack Sent] [root] 1.1.1.1         30    30  s [!tab]
[2026-03-21 11:37:44] [Cmd Executed] [root] cls
[2026-03-21 11:37:49] [Cmd Executed] [root] oongoing
[2026-03-21 11:37:51] [Cmd Executed] [root] ongoing
[2026-03-21 11:38:02] [Cmd Executed] [root] stop 1
[2026-03-21 11:38:04] [Cmd Executed] [root] stop 12
[2026-03-21 11:38:07] [Cmd Executed] [root] stop 1.1.1.1 
[2026-03-21 11:38:08] [Cmd Executed] [root] cls
[2026-03-21 11:41:02] [Cmd Executed] [root] ؤكس
[2026-03-21 11:41:03] [Cmd Executed] [root] cls
[2026-03-21 11:44:29] [Cmd Executed] [root] cls
[2026-03-21 11:45:45] [Cmd Executed] [root] cls
[2026-03-21 11:46:28] [Cmd Executed] [root] cls
[2026-03-21 11:46:31] [Cmd Executed] [root] plan
[2026-03-21 11:46:31] [Cmd Executed] [root] methods
[2026-03-21 11:46:31] [Cmd Executed] [root] help
[2026-03-21 11:46:35] [Cmd Executed] [root] methods
[2026-03-21 11:46:38] [Cmd Executed] [root] !tab
[2026-03-21 11:46:39] [Cmd Executed] [root] !pps
[2026-03-21 11:46:39] [Cmd Executed] [root] cls
[2026-03-21 11:50:50] [Cmd Executed] [root] wcls
[2026-03-21 11:50:50] [Cmd Executed] [root] cls
[2026-03-21 19:16:15] [User Login] [root] ::1
[2026-03-21 19:16:32] [Cmd Executed] [root] methods
[2026-03-21 19:16:35] [Cmd Executed] [root] !pps
[2026-03-21 19:16:36] [Cmd Executed] [root] methods
[2026-03-21 19:17:01] [Cmd Executed] [root] plan
[2026-03-21 19:17:03] [Cmd Executed] [root] methods
[2026-03-21 19:17:05] [Cmd Executed] [root] help
[2026-03-21 19:17:28] [Cmd Executed] [root] cls
[2026-03-21 19:18:01] [Cmd Executed] [root] cls
[2026-03-21 19:19:59] [User Logout] [root] ::1
[2026-03-21 19:20:00] [User Login] [root] ::1
[2026-03-21 19:21:23] [Cmd Executed] [root] cls
[2026-03-21 19:22:12] [Cmd Executed] [root] c
[2026-03-21 19:22:18] [Cmd Executed] [root] plan
[2026-03-21 19:22:19] [Cmd Executed] [root] help
[2026-03-21 19:22:22] [Cmd Executed] [root] methods
[2026-03-21 19:22:51] [Cmd Executed] [root] !pps 30.123.453.2 60 1
[2026-03-21 19:22:52] [Attack Sent] [root] 30.123.453.2    60    1   s [!pps]
[2026-03-21 19:22:59] [Cmd Executed] [root] !pps 30.123.453.2 60 60 1
[2026-03-21 19:22:59] [Attack Sent] [root] 30.123.453.2    60    60  s [!pps]
[2026-03-21 19:23:02] [Cmd Executed] [root] ongoing
[2026-03-21 19:23:03] [Cmd Executed] [root] cls
[2026-03-21 19:23:07] [Cmd Executed] [root] ongoing
[2026-03-21 19:23:11] [Cmd Executed] [root] stop 30.123.453.2
[2026-03-21 19:23:12] [Cmd Executed] [root] cls
[2026-03-21 19:24:18] [Cmd Executed] [root] credits
[2026-03-21 19:24:21] [Cmd Executed] [root] credits
[2026-03-21 19:24:22] [Cmd Executed] [root] cls
[2026-03-21 19:25:51] [Cmd Executed] [root] cls
[2026-03-21 19:31:01] [User Login] [root] ::1
[2026-03-21 19:31:10] [Cmd Executed] [root] cls
[2026-03-21 19:33:01] [User Login] [root] ::1
[2026-03-21 19:33:09] [Cmd Executed] [root] bots
[2026-03-21 19:33:10] [Cmd Executed] [root] cls
[2026-03-21 19:35:50] [User Login] [root] ::1
[2026-03-21 19:36:23] [Cmd Executed] [root] bots
[2026-03-21 19:36:24] [Cmd Executed] [root] bots
[2026-03-21 19:36:25] [Cmd Executed] [root] bots
[2026-03-21 19:37:31] [User Login] [root] ::1
[2026-03-21 19:37:42] [Cmd Executed] [root] bots
[2026-03-21 19:37:45] [Cmd Executed] [root] cls
[2026-03-21 19:37:51] [Cmd Executed] [root] udp 1.1.1.1 03
[2026-03-21 19:38:01] [Cmd Executed] [root] !pps 1.1.1.1 30 30
[2026-03-21 19:38:01] [Attack Sent] [root] 1.1.1.1         30    30  s [!pps]
[2026-03-21 19:40:40] [User Login] [root] ::1
[2026-03-21 19:41:19] [Cmd Executed] [root] bots
[2026-03-21 19:41:55] [Cmd Executed] [root] bots
[2026-03-21 19:41:56] [Cmd Executed] [root] cls
[2026-03-21 19:42:22] [User Login] [root] ::1
[2026-03-21 19:42:33] [Cmd Executed] [root] bots
[2026-03-21 19:42:34] [Cmd Executed] [root] bots
[2026-03-21 19:42:35] [Cmd Executed] [root] bots
[2026-03-21 19:42:39] [Cmd Executed] [root] bots
[2026-03-21 19:42:40] [Cmd Executed] [root] bots
[2026-03-21 19:42:41] [Cmd Executed] [root] cls
[2026-03-21 19:43:11] [Cmd Executed] [root] cls
[2026-03-21 19:43:18] [Cmd Executed] [root] help
[2026-03-21 19:43:19] [Cmd Executed] [root] bots
[2026-03-21 19:43:20] [Cmd Executed] [root] cls
[2026-03-21 19:43:31] [Cmd Executed] [root] !pps 20.30.120.30 30 30
[2026-03-21 19:43:32] [Attack Sent] [root] 20.30.120.30    30    30  s [!pps]
[2026-03-21 19:43:34] [Cmd Executed] [root] bots
[2026-03-21 19:43:36] [Cmd Executed] [root] !pps 20.30.120.30 30 30
[2026-03-21 19:43:36] [Attack Sent] [root] 20.30.120.30    30    30  s [!pps]
[2026-03-21 19:43:38] [Cmd Executed] [root] !pps 20.30.120.30 30 30
[2026-03-21 19:43:38] [Attack Sent] [root] 20.30.120.30    30    30  s [!pps]
[2026-03-21 19:43:41] [Cmd Executed] [root] bots
[2026-03-21 19:44:27] [Cmd Executed] [root] cls
[2026-03-21 19:44:48] [Cmd Executed] [root] plan
[2026-03-21 19:44:48] [Cmd Executed] [root] cls
[2026-03-21 19:45:42] [User Login] [root] ::1
[2026-03-21 19:45:52] [Cmd Executed] [root] bots
[2026-03-21 19:46:22] [User Login] [root] ::1
[2026-03-21 19:46:31] [Cmd Executed] [root] bots
[2026-03-21 19:46:47] [Cmd Executed] [root] !pps 1.1.1.1 30 30 
[2026-03-21 19:46:47] [Attack Sent] [root] 1.1.1.1         30    30  s [!pps]
[2026-03-21 19:46:50] [Cmd Executed] [root] ongoing
[2026-03-21 19:46:51] [Cmd Executed] [root] !pps 1.1.1.1 30 30 
[2026-03-21 19:46:51] [Attack Sent] [root] 1.1.1.1         30    30  s [!pps]
[2026-03-21 19:46:52] [Cmd Executed] [root] !pps 1.1.1.1 30 30 
[2026-03-21 19:46:52] [Attack Sent] [root] 1.1.1.1         30    30  s [!pps]
[2026-03-21 19:46:54] [Cmd Executed] [root] !pps 1.1.1.1 30 30 
[2026-03-21 19:46:54] [Attack Sent] [root] 1.1.1.1         30    30  s [!pps]
[2026-03-21 19:46:55] [Cmd Executed] [root] cls
[2026-03-21 19:46:59] [Cmd Executed] [root] bots
[2026-03-21 19:47:01] [Cmd Executed] [root] bots
[2026-03-21 19:47:06] [Cmd Executed] [root] bots
[2026-03-21 19:47:07] [Cmd Executed] [root] cls
[2026-03-21 19:47:47] [Cmd Executed] [root] bots
[2026-03-21 19:47:48] [Cmd Executed] [root] bots
[2026-03-21 19:47:49] [Cmd Executed] [root] cls
[2026-03-21 19:48:33] [Cmd Executed] [root] help
[2026-03-21 19:48:34] [Cmd Executed] [root] plan
[2026-03-21 19:48:34] [Cmd Executed] [root] cls
[2026-03-21 19:48:52] [Cmd Executed] [root] bots
[2026-03-21 19:54:47] [Cmd Executed] [root] bots
[2026-03-21 19:54:48] [Cmd Executed] [root] csl
[2026-03-21 19:54:49] [Cmd Executed] [root] cls
[2026-03-21 19:54:54] [Cmd Executed] [root] bots
[2026-03-21 19:54:55] [Cmd Executed] [root] bots
[2026-03-21 19:55:00] [Cmd Executed] [root] methods
[2026-03-21 19:55:02] [Cmd Executed] [root] !pps
[2026-03-21 19:55:03] [Cmd Executed] [root] cls
[2026-03-21 20:02:26] [Cmd Executed] [root] bots
[2026-03-21 20:04:00] [Cmd Executed] [root] cls
[2026-03-21 20:04:04] [Cmd Executed] [root] help
[2026-03-21 20:04:07] [Cmd Executed] [root] echo
[2026-03-21 20:04:08] [Cmd Executed] [root] cls
[2026-03-21 20:04:14] [Cmd Executed] [root] bots
[2026-03-21 20:05:14] [Cmd Executed] [root] cls
[2026-03-21 20:19:28] [Cmd Executed] [root] bots
[2026-03-21 20:19:29] [Cmd Executed] [root] cls
[2026-03-21 20:19:45] [Cmd Executed] [root] bots
[2026-03-21 20:20:00] [Cmd Executed] [root] !pps 147.75.202.235 53 30 
[2026-03-21 20:20:00] [Attack Sent] [root] 147.75.202.235  53    30  s [!pps]
[2026-03-21 20:20:33] [Cmd Executed] [root] cls
[2026-03-21 20:20:38] [Cmd Executed] [root] help
[2026-03-21 20:20:48] [Cmd Executed] [root] BROADCAST GET A LIFEEE
[2026-03-21 20:21:03] [Cmd Executed] [root] cls
[2026-03-21 21:17:15] [Cmd Executed] [root] bots
[2026-03-21 21:17:16] [Cmd Executed] [root] cls
[2026-03-21 21:48:02] [Cmd Executed] [root] cls
[2026-03-21 21:48:07] [Cmd Executed] [root] bots
[2026-03-21 21:48:08] [Cmd Executed] [root] plan
[2026-03-21 21:48:09] [Cmd Executed] [root] methods
[2026-03-21 21:48:10] [Cmd Executed] [root] c
[2026-03-21 21:48:22] [Cmd Executed] [root] help
[2026-03-21 21:48:26] [Cmd Executed] [root] editall
[2026-03-21 21:48:32] [Cmd Executed] [root] editall add 1
[2026-03-21 21:48:33] [Cmd Executed] [root] cls
[2026-03-21 21:49:39] [Cmd Executed] [root] ؤمس
[2026-03-21 21:49:40] [Cmd Executed] [root] cls
[2026-03-21 21:49:44] [Cmd Executed] [root] plan
[2026-03-21 21:49:45] [Cmd Executed] [root] bots
[2026-03-21 21:49:47] [Cmd Executed] [root] c
[2026-03-21 21:49:58] [Cmd Executed] [root] help
[2026-03-21 21:50:01] [Cmd Executed] [root] c
[2026-03-21 21:50:10] [Cmd Executed] [root] commands
[2026-03-21 21:50:18] [Cmd Executed] [root] preset
[2026-03-21 21:50:19] [Cmd Executed] [root] cls
[2026-03-21 21:50:23] [Cmd Executed] [root] bots
[2026-03-21 21:50:25] [Cmd Executed] [root] bots
[2026-03-21 21:50:25] [Cmd Executed] [root] bots
[2026-03-21 21:50:26] [Cmd Executed] [root] bots
[2026-03-21 21:50:27] [Cmd Executed] [root] cls
[2026-03-21 21:50:43] [Cmd Executed] [root] !pps 147.75.202.235 53 60
[2026-03-21 21:50:44] [Attack Sent] [root] 147.75.202.235  53    60  s [!pps]
[2026-03-21 21:50:49] [Cmd Executed] [root] ongoing
[2026-03-21 21:50:50] [Cmd Executed] [root] bots
[2026-03-21 21:50:55] [Cmd Executed] [root] cls
[2026-03-21 21:51:20] [Cmd Executed] [root] cls
[2026-03-21 21:51:39] [Cmd Executed] [root] c
[2026-03-21 21:53:53] [Cmd Executed] [root] cls
[2026-03-21 21:53:59] [Cmd Executed] [root] cls
[2026-03-21 21:54:04] [Cmd Executed] [root] help
[2026-03-21 21:54:05] [Cmd Executed] [root] plan
[2026-03-21 21:54:12] [Cmd Executed] [root] c
[2026-03-21 21:54:21] [Cmd Executed] [root] bots
[2026-03-21 21:54:22] [Cmd Executed] [root] btos
[2026-03-21 21:54:23] [Cmd Executed] [root] bots
[2026-03-21 21:54:24] [Cmd Executed] [root] cls
[2026-03-21 21:55:05] [Cmd Executed] [root] cls
[2026-03-21 21:55:10] [Cmd Executed] [root] cls
[2026-03-21 21:55:14] [Cmd Executed] [root] help
[2026-03-21 21:55:14] [Cmd Executed] [root] plan
[2026-03-21 21:55:15] [Cmd Executed] [root] c
[2026-03-21 21:55:23] [Cmd Executed] [root] help
[2026-03-21 21:55:30] [Cmd Executed] [root] c
[2026-03-21 21:55:47] [Cmd Executed] [root] bots
[2026-03-21 21:55:47] [Cmd Executed] [root] cls
[2026-03-21 21:56:36] [Cmd Executed] [root] cls
[2026-03-21 21:58:09] [Cmd Executed] [root] bots
[2026-03-21 21:58:10] [Cmd Executed] [root] plan
[2026-03-21 21:58:11] [Cmd Executed] [root] help
[2026-03-21 21:58:13] [Cmd Executed] [root] passwd
[2026-03-21 21:58:16] [Cmd Executed] [root] cls
[2026-03-21 21:58:38] [Cmd Executed] [root] cls
[2026-03-21 22:00:51] [Cmd Executed] [root] cls
[2026-03-21 22:01:11] [Cmd Executed] [root] cls
[2026-03-21 22:01:20] [Cmd Executed] [root] help
[2026-03-21 22:01:49] [Cmd Executed] [root] bots
[2026-03-21 22:01:49] [Cmd Executed] [root] cls
[2026-03-21 22:02:33] [Cmd Executed] [root] help
[2026-03-21 22:02:34] [Cmd Executed] [root] plan
[2026-03-21 22:02:34] [Cmd Executed] [root] cls
[2026-03-21 22:07:02] [Cmd Executed] [root] bots
[2026-03-21 22:07:02] [Cmd Executed] [root] cls
[2026-03-21 22:07:11] [Cmd Executed] [root] h
[2026-03-21 22:07:12] [Cmd Executed] [root] ?
[2026-03-21 22:07:13] [Cmd Executed] [root] cls
[2026-03-21 22:07:18] [Cmd Executed] [root] credits
[2026-03-21 22:07:19] [Cmd Executed] [root] cls
[2026-03-21 22:07:55] [Cmd Executed] [root] bots
[2026-03-21 22:07:56] [Cmd Executed] [root] plan
[2026-03-21 22:07:56] [Cmd Executed] [root] help
[2026-03-21 22:08:01] [Cmd Executed] [root] cls
[2026-03-21 22:08:05] [Cmd Executed] [root] 1337
[2026-03-21 22:08:06] [Cmd Executed] [root] cls
[2026-03-21 22:08:14] [Cmd Executed] [root] chat
[2026-03-21 22:08:21] [Cmd Executed] [root] c
[2026-03-21 22:08:26] [Cmd Executed] [root] help
[2026-03-21 22:08:32] [Cmd Executed] [root] broadcast
[2026-03-21 22:08:38] [Cmd Executed] [root] broadcast hi
[2026-03-21 22:08:42] [Cmd Executed] [root] users list
[2026-03-21 22:09:13] [Cmd Executed] [root] c
[2026-03-21 22:14:47] [Cmd Executed] [root] cls
[2026-03-21 22:15:00] [Cmd Executed] [root] help
[2026-03-21 22:15:01] [Cmd Executed] [root] plan
[2026-03-21 22:15:01] [Cmd Executed] [root] cls
[2026-03-21 22:15:06] [Cmd Executed] [root] bots
[2026-03-21 22:15:13] [Cmd Executed] [root] bots
[2026-03-21 22:15:14] [Cmd Executed] [root] bots
[2026-03-21 22:15:15] [Cmd Executed] [root] cls
[2026-03-21 22:15:22] [Cmd Executed] [root] methods
[2026-03-21 22:15:31] [Cmd Executed] [root] !tab 147.75.202.235 53 30
[2026-03-21 22:15:31] [Attack Sent] [root] 147.75.202.235  53    30  s [!tab]
[2026-03-21 22:15:53] [Cmd Executed] [root] cls
[2026-03-21 22:16:13] [Cmd Executed] [root] bots
[2026-03-21 22:16:15] [Cmd Executed] [root] !tab 147.75.202.235 53 30
[2026-03-21 22:16:15] [Attack Sent] [root] 147.75.202.235  53    30  s [!tab]
[2026-03-21 22:16:18] [Cmd Executed] [root] !tab 147.75.202.235 53 30
[2026-03-21 22:16:18] [Attack Sent] [root] 147.75.202.235  53    30  s [!tab]
[2026-03-21 22:16:23] [Cmd Executed] [root] ongoing
[2026-03-21 22:16:25] [Cmd Executed] [root] stop 8
[2026-03-21 22:16:34] [Cmd Executed] [root] stop 147.75.202.235
[2026-03-21 22:16:34] [Cmd Executed] [root] cls
[2026-03-21 22:17:47] [Cmd Executed] [root] methods
[2026-03-21 22:18:26] [Cmd Executed] [root] cls
[2026-03-21 22:22:16] [Cmd Executed] [root] cls
[2026-03-21 22:22:25] [Cmd Executed] [root] help
[2026-03-21 22:22:25] [Cmd Executed] [root] plan
[2026-03-21 22:22:26] [Cmd Executed] [root] cls
[2026-03-21 22:22:31] [Cmd Executed] [root] credits
[2026-03-21 22:22:37] [Cmd Executed] [root] bots
[2026-03-21 22:22:39] [Cmd Executed] [root] cls
[2026-03-21 22:29:02] [Cmd Executed] [root] cls
[2026-03-21 22:49:30] [Cmd Executed] [root] cls
[2026-03-21 22:49:35] [Cmd Executed] [root] help
[2026-03-21 23:09:52] [Cmd Executed] [root] cls
[2026-03-21 23:09:57] [Cmd Executed] [root] bots
[2026-03-21 23:26:55] [Cmd Executed] [root] csl
[2026-03-21 23:26:56] [Cmd Executed] [root] cls
[2026-03-21 23:28:10] [Cmd Executed] [root] methods
[2026-03-21 23:28:21] [Cmd Executed] [root] help
[2026-03-21 23:28:22] [Cmd Executed] [root] cls
[2026-03-21 23:28:26] [Cmd Executed] [root] npts
[2026-03-21 23:28:27] [Cmd Executed] [root] bots
[2026-03-21 23:28:45] [Cmd Executed] [root] bots
[2026-03-21 23:28:47] [Cmd Executed] [root] bots
[2026-03-21 23:28:48] [Cmd Executed] [root] cls
[2026-03-21 23:28:54] [Cmd Executed] [root] help
[2026-03-21 23:28:55] [Cmd Executed] [root] plan
[2026-03-21 23:28:55] [Cmd Executed] [root] cls
[2026-03-21 23:29:05] [Cmd Executed] [root] !tab 147.75.202.235 53 20
[2026-03-21 23:29:05] [Attack Sent] [root] 147.75.202.235  53    20  s [!tab]
[2026-03-21 23:29:07] [Cmd Executed] [root] btos
[2026-03-21 23:29:09] [Cmd Executed] [root] bots
[2026-03-21 23:29:10] [Cmd Executed] [root] !tab 147.75.202.235 53 20
[2026-03-21 23:29:10] [Attack Sent] [root] 147.75.202.235  53    20  s [!tab]
[2026-03-21 23:29:12] [Cmd Executed] [root] bots
[2026-03-21 23:29:13] [Cmd Executed] [root] !tab 147.75.202.235 53 20
[2026-03-21 23:29:13] [Attack Sent] [root] 147.75.202.235  53    20  s [!tab]
[2026-03-21 23:29:14] [Cmd Executed] [root] !tab 147.75.202.235 53 20
[2026-03-21 23:29:14] [Attack Sent] [root] 147.75.202.235  53    20  s [!tab]
[2026-03-21 23:29:19] [Cmd Executed] [root] bots
[2026-03-21 23:29:25] [Cmd Executed] [root] bots
[2026-03-21 23:29:25] [Cmd Executed] [root] cls
[2026-03-21 23:29:30] [Cmd Executed] [root] ongoing
[2026-03-21 23:29:33] [Cmd Executed] [root] stop 147.75.202.235
[2026-03-21 23:29:42] [Cmd Executed] [root] cls
[2026-03-21 23:29:46] [Cmd Executed] [root] bots
[2026-03-21 23:29:47] [Cmd Executed] [root] cls
[2026-03-21 23:29:58] [Cmd Executed] [root] help
[2026-03-21 23:29:59] [Cmd Executed] [root] plan
[2026-03-21 23:30:03] [Cmd Executed] [root] !tab 147.75.202.235 53 20
[2026-03-21 23:30:03] [Attack Sent] [root] 147.75.202.235  53    20  s [!tab]
[2026-03-21 23:30:03] [Cmd Executed] [root] !tab 147.75.202.235 53 20
[2026-03-21 23:30:04] [Attack Sent] [root] 147.75.202.235  53    20  s [!tab]
[2026-03-21 23:30:04] [Cmd Executed] [root] !tab 147.75.202.235 53 20
[2026-03-21 23:30:04] [Attack Sent] [root] 147.75.202.235  53    20  s [!tab]
[2026-03-21 23:30:04] [Cmd Executed] [root] !tab 147.75.202.235 53 20
[2026-03-21 23:30:04] [Attack Sent] [root] 147.75.202.235  53    20  s [!tab]
[2026-03-21 23:30:05] [Cmd Executed] [root] !tab 147.75.202.235 53 20
[2026-03-21 23:30:05] [Attack Sent] [root] 147.75.202.235  53    20  s [!tab]
[2026-03-21 23:30:05] [Cmd Executed] [root] !tab 147.75.202.235 53 20
[2026-03-21 23:30:05] [Attack Sent] [root] 147.75.202.235  53    20  s [!tab]
[2026-03-21 23:30:05] [Cmd Executed] [root] !tab 147.75.202.235 53 20
[2026-03-21 23:30:06] [Attack Sent] [root] 147.75.202.235  53    20  s [!tab]
[2026-03-21 23:30:06] [Cmd Executed] [root] !tab 147.75.202.235 53 20
[2026-03-21 23:30:06] [Attack Sent] [root] 147.75.202.235  53    20  s [!tab]
[2026-03-21 23:30:07] [Cmd Executed] [root] ongoing
[2026-03-21 23:30:10] [Cmd Executed] [root] stop https://b0t-net.site/
[2026-03-21 23:30:15] [Cmd Executed] [root] stop 147.75.202.235
[2026-03-21 23:30:17] [Cmd Executed] [root] ongoing
[2026-03-21 23:30:18] [Cmd Executed] [root] cls
[2026-03-21 23:30:22] [Cmd Executed] [root] help
[2026-03-21 23:30:23] [Cmd Executed] [root] plan
[2026-03-21 23:30:23] [Cmd Executed] [root] cs
[2026-03-21 23:30:24] [Cmd Executed] [root] c
[2026-03-21 23:30:34] [Cmd Executed] [root] ongoin
[2026-03-21 23:30:35] [Cmd Executed] [root] ongoin
[2026-03-21 23:30:37] [Cmd Executed] [root] ongoing
[2026-03-21 23:30:37] [Cmd Executed] [root] cls
[2026-03-21 23:30:42] [Cmd Executed] [root] help
[2026-03-21 23:30:42] [Cmd Executed] [root] plan
[2026-03-21 23:30:43] [Cmd Executed] [root] c
[2026-03-21 23:31:26] [Cmd Executed] [root] !tab 147.75.202.235 53 20
[2026-03-21 23:31:26] [Attack Sent] [root] 147.75.202.235  53    20  s [!tab]
[2026-03-21 23:31:27] [Cmd Executed] [root] !tab 147.75.202.235 53 20
[2026-03-21 23:31:27] [Attack Sent] [root] 147.75.202.235  53    20  s [!tab]
[2026-03-21 23:31:27] [Cmd Executed] [root] !tab 147.75.202.235 53 20
[2026-03-21 23:31:27] [Attack Sent] [root] 147.75.202.235  53    20  s [!tab]
[2026-03-21 23:31:27] [Cmd Executed] [root] !tab 147.75.202.235 53 20
[2026-03-21 23:31:27] [Attack Sent] [root] 147.75.202.235  53    20  s [!tab]
[2026-03-21 23:31:28] [Cmd Executed] [root] !tab 147.75.202.235 53 20
[2026-03-21 23:31:28] [Attack Sent] [root] 147.75.202.235  53    20  s [!tab]
[2026-03-21 23:31:28] [Cmd Executed] [root] !tab 147.75.202.235 53 20
[2026-03-21 23:31:28] [Attack Sent] [root] 147.75.202.235  53    20  s [!tab]
[2026-03-21 23:31:29] [Cmd Executed] [root] !tab 147.75.202.235 53 20
[2026-03-21 23:31:29] [Attack Sent] [root] 147.75.202.235  53    20  s [!tab]
[2026-03-21 23:31:29] [Cmd Executed] [root] !tab 147.75.202.235 53 20
[2026-03-21 23:31:29] [Attack Sent] [root] 147.75.202.235  53    20  s [!tab]
[2026-03-21 23:31:29] [Cmd Executed] [root] !tab 147.75.202.235 53 20
[2026-03-21 23:31:29] [Attack Sent] [root] 147.75.202.235  53    20  s [!tab]
[2026-03-21 23:31:30] [Cmd Executed] [root] !tab 147.75.202.235 53 20
[2026-03-21 23:31:30] [Attack Sent] [root] 147.75.202.235  53    20  s [!tab]
[2026-03-21 23:31:30] [Cmd Executed] [root] !tab 147.75.202.235 53 20
[2026-03-21 23:31:31] [Cmd Executed] [root] !tab 147.75.202.235 53 20
[2026-03-21 23:31:31] [Cmd Executed] [root] !tab 147.75.202.235 53 20
[2026-03-21 23:31:31] [Cmd Executed] [root] !tab 147.75.202.235 53 20
[2026-03-21 23:31:31] [Cmd Executed] [root] !tab 147.75.202.235 53 20
[2026-03-21 23:31:32] [Cmd Executed] [root] !tab 147.75.202.235 53 20
[2026-03-21 23:31:32] [Cmd Executed] [root] !tab 147.75.202.235 53 20
[2026-03-21 23:31:33] [Cmd Executed] [root] ongoing
[2026-03-21 23:31:37] [Cmd Executed] [root] !tab 147.75.202.235 53 20
[2026-03-21 23:31:37] [Cmd Executed] [root] !tab 147.75.202.235 53 20
[2026-03-21 23:31:48] [Cmd Executed] [root] stop 147.75.202.235
[2026-03-21 23:31:51] [Cmd Executed] [root] c
[2026-03-21 23:31:56] [Cmd Executed] [root] bots
[2026-03-21 23:31:57] [Cmd Executed] [root] cls
[2026-03-21 23:32:43] [Cmd Executed] [root]  bots
[2026-03-21 23:32:43] [Cmd Executed] [root] cls
[2026-03-21 23:32:47] [Cmd Executed] [root] plan
[2026-03-21 23:32:48] [Cmd Executed] [root] cls
[2026-03-21 23:33:13] [Cmd Executed] [root] bots
[2026-03-21 23:33:14] [Cmd Executed] [root] cls
[2026-03-21 23:33:18] [Cmd Executed] [root] pla
[2026-03-21 23:33:19] [Cmd Executed] [root] plan
[2026-03-21 23:33:20] [Cmd Executed] [root] cls
[2026-03-21 23:33:32] [Cmd Executed] [root] bots
[2026-03-21 23:33:33] [Cmd Executed] [root] cls
[2026-03-21 23:33:39] [Cmd Executed] [root] cls
[2026-03-22 15:43:18] [User Login] [root] ::1
[2026-03-22 15:43:28] [Cmd Executed] [root] help
[2026-03-22 15:43:29] [Cmd Executed] [root] plan
[2026-03-22 15:43:30] [Cmd Executed] [root] methods
[2026-03-22 15:43:30] [Cmd Executed] [root] c
[2026-03-22 15:43:36] [Cmd Executed] [root] bots
[2026-03-22 15:43:38] [Cmd Executed] [root] bots
[2026-03-22 15:43:38] [Cmd Executed] [root] bots
[2026-03-22 15:43:40] [Cmd Executed] [root] bots
[2026-03-22 15:43:41] [Cmd Executed] [root] bots
[2026-03-22 15:43:42] [Cmd Executed] [root] bots
[2026-03-22 15:43:44] [Cmd Executed] [root] c
[2026-03-22 15:43:50] [Cmd Executed] [root] credits
[2026-03-22 15:43:56] [Cmd Executed] [root] c
[2026-03-22 15:44:11] [Cmd Executed] [root] cls
[2026-03-22 15:44:15] [Cmd Executed] [root] plan
[2026-03-22 15:44:16] [Cmd Executed] [root] c
[2026-03-22 15:44:22] [Cmd Executed] [root] commands
[2026-03-22 15:44:26] [Cmd Executed] [root] send
[2026-03-22 15:44:29] [Cmd Executed] [root] send root fuck
[2026-03-22 15:44:29] [Admin Comm] [root] Sent intercom to root
[2026-03-22 15:44:31] [Cmd Executed] [root] c
[2026-03-22 15:45:33] [Cmd Executed] [root] bots
[2026-03-22 15:47:00] [Cmd Executed] [root] c
[2026-03-22 15:47:33] [Cmd Executed] [root] bots
[2026-03-22 15:47:35] [Cmd Executed] [root] cls
[2026-03-22 15:48:58] [Cmd Executed] [root] help
[2026-03-22 15:49:02] [Cmd Executed] [root] methods
[2026-03-22 15:49:19] [Cmd Executed] [root] credits
[2026-03-22 15:49:29] [Cmd Executed] [root] c
[2026-03-22 15:49:38] [Cmd Executed] [root] bots
[2026-03-22 15:49:46] [Cmd Executed] [root] methods
[2026-03-22 15:49:48] [Cmd Executed] [root] !udp 
[2026-03-22 15:49:49] [Cmd Executed] [root] !tab
[2026-03-22 15:49:51] [Cmd Executed] [root] !ack
[2026-03-22 15:49:52] [Cmd Executed] [root] cls
[2026-03-22 15:50:32] [Cmd Executed] [root] methods
[2026-03-22 15:50:33] [Cmd Executed] [root] cls
[2026-03-22 15:50:36] [Cmd Executed] [root] plan
[2026-03-22 15:50:39] [Cmd Executed] [root] h
[2026-03-22 15:50:39] [Cmd Executed] [root] ?
[2026-03-22 15:50:40] [Cmd Executed] [root] c
[2026-03-22 15:51:01] [Cmd Executed] [root] tos
[2026-03-22 15:51:17] [Cmd Executed] [root] global
[2026-03-22 15:51:59] [Cmd Executed] [root] lookup 1.1.1.1 
[2026-03-22 15:52:32] [Cmd Executed] [root] cls
[2026-03-22 15:53:01] [Cmd Executed] [root] lookup 1.1.1.1
[2026-03-22 15:54:07] [Cmd Executed] [root] cls
[2026-03-22 15:54:11] [Cmd Executed] [root] bots
[2026-03-22 15:54:35] [Cmd Executed] [root] bots
[2026-03-22 15:55:03] [Cmd Executed] [root] bots
[2026-03-22 15:55:26] [Cmd Executed] [root] bots
[2026-03-22 15:55:27] [Cmd Executed] [root] cls
[2026-03-22 15:56:41] [Cmd Executed] [root] bots
[2026-03-22 15:56:47] [Cmd Executed] [root] bots
[2026-03-22 15:56:48] [Cmd Executed] [root] bots
[2026-03-22 15:56:51] [Cmd Executed] [root] bots
[2026-03-22 15:56:53] [Cmd Executed] [root] cls
[2026-03-22 15:57:09] [Cmd Executed] [root] bots
[2026-03-22 15:57:10] [Cmd Executed] [root] bots
[2026-03-22 15:57:24] [Cmd Executed] [root] bots
[2026-03-22 15:57:25] [Cmd Executed] [root] c
[2026-03-22 16:02:09] [User Login] [root] ::1
[2026-03-22 16:02:15] [User Logout] [root] ::1
[2026-03-22 16:03:20] [User Login] [root] ::1
[2026-03-22 16:03:38] [Cmd Executed] [root] bots
[2026-03-22 16:03:42] [Cmd Executed] [root] f
[2026-03-22 16:04:07] [Cmd Executed] [root] cls
[2026-03-22 16:05:08] [Cmd Executed] [root] bots
[2026-03-22 16:05:08] [Cmd Executed] [root] bots
[2026-03-22 16:05:09] [Cmd Executed] [root] bots
[2026-03-22 16:05:17] [User Login] [root] ::1
[2026-03-22 16:05:24] [Cmd Executed] [root] bots
[2026-03-22 16:05:25] [Cmd Executed] [root] bots
[2026-03-22 16:05:34] [Cmd Executed] [root] bots
[2026-03-22 16:05:35] [Cmd Executed] [root] bots
[2026-03-22 16:05:36] [Cmd Executed] [root] cls
[2026-03-22 16:05:39] [Cmd Executed] [root] bots
[2026-03-22 16:05:40] [Cmd Executed] [root] bots
[2026-03-22 16:05:46] [User Login] [root] ::1
[2026-03-22 16:05:54] [Cmd Executed] [root] bots
[2026-03-22 16:05:55] [Cmd Executed] [root] bots
[2026-03-22 16:06:09] [User Login] [root] ::1
[2026-03-22 16:06:16] [Cmd Executed] [root] bots
[2026-03-22 16:06:18] [Cmd Executed] [root] bots
[2026-03-22 16:06:30] [Cmd Executed] [root] bots
[2026-03-22 16:06:30] [Cmd Executed] [root] bots
[2026-03-22 16:06:31] [Cmd Executed] [root] bots
[2026-03-22 16:06:32] [Cmd Executed] [root] bots
[2026-03-22 16:06:33] [Cmd Executed] [root] cls
[2026-03-22 16:08:07] [Cmd Executed] [root] cls
[2026-03-22 16:08:11] [Cmd Executed] [root] bots
[2026-03-22 16:08:32] [Cmd Executed] [root] listkeys
[2026-03-22 16:10:11] [User Login] [root] ::1
[2026-03-22 16:10:43] [Cmd Executed] [root] bots
[2026-03-22 16:10:53] [Cmd Executed] [root] bots
[2026-03-22 16:10:54] [Cmd Executed] [root] bots
[2026-03-22 16:11:00] [User Login] [root] ::1
[2026-03-22 16:11:28] [Cmd Executed] [root] c
[2026-03-22 16:11:31] [Cmd Executed] [root] bots
[2026-03-22 16:11:32] [Cmd Executed] [root] bots
[2026-03-22 16:11:33] [Cmd Executed] [root] help
[2026-03-22 16:11:36] [Cmd Executed] [root] themes
[2026-03-22 16:11:40] [Cmd Executed] [root] users list
[2026-03-22 16:11:45] [Cmd Executed] [root] users
[2026-03-22 16:11:51] [Cmd Executed] [root] users
[2026-03-22 16:12:15] [Cmd Executed] [root] cls
[2026-03-22 16:13:41] [User Login] [root] ::1
[2026-03-22 16:13:53] [Cmd Executed] [root] help
[2026-03-22 16:13:54] [Cmd Executed] [root] plan
[2026-03-22 16:13:55] [Cmd Executed] [root] cls
[2026-03-22 16:13:59] [Cmd Executed] [root] bots
[2026-03-22 16:14:50] [Cmd Executed] [root] title
[2026-03-22 16:14:52] [Cmd Executed] [root] title 1
[2026-03-22 16:14:58] [Cmd Executed] [root] title change 1
[2026-03-22 16:15:03] [Cmd Executed] [root] title change <<$spinner>>
[2026-03-22 16:15:19] [User Login] [root] ::1
[2026-03-22 16:15:32] [Cmd Executed] [root] users
[2026-03-22 16:16:39] [User Login] [root] ::1
[2026-03-22 16:16:48] [Cmd Executed] [root] users
[2026-03-22 16:17:02] [Cmd Executed] [root] users info root
[2026-03-22 16:17:12] [Cmd Executed] [root] users list
[2026-03-22 16:20:03] [Cmd Executed] [root] users info ff
[2026-03-22 16:20:13] [Cmd Executed] [root] users sert
[2026-03-22 16:20:14] [Cmd Executed] [root] users ser
[2026-03-22 16:20:15] [Cmd Executed] [root] users set
[2026-03-22 16:20:39] [User Login] [root] ::1
[2026-03-22 16:21:13] [Cmd Executed] [root] bots
[2026-03-22 16:21:13] [Cmd Executed] [root] cls
[2026-03-22 16:21:19] [Cmd Executed] [root] help
[2026-03-22 16:21:26] [Cmd Executed] [root] users
[2026-03-22 16:21:28] [Cmd Executed] [root] users list
[2026-03-22 16:21:31] [Cmd Executed] [root] users list
[2026-03-22 16:22:05] [Cmd Executed] [root] users
[2026-03-22 16:22:08] [Cmd Executed] [root] users renew
[2026-03-22 16:22:27] [Cmd Executed] [root] users set 
[2026-03-22 16:22:34] [Cmd Executed] [root] users set ff password 123
[2026-03-22 16:22:49] [Cmd Executed] [root] users set ff username test
[2026-03-22 16:23:03] [Cmd Executed] [root] users set ff username test
[2026-03-22 16:23:19] [Cmd Executed] [root] users add
[2026-03-22 16:23:56] [User Login] [root] ::1
[2026-03-22 16:24:04] [Cmd Executed] [root] users
[2026-03-22 16:24:06] [Cmd Executed] [root] users list
[2026-03-22 16:24:14] [Cmd Executed] [root] users rm store
[2026-03-22 16:24:26] [Cmd Executed] [root] users status ff
[2026-03-22 16:24:36] [Cmd Executed] [root] users status ff username
[2026-03-22 16:24:40] [Cmd Executed] [root] users status ff username kick
[2026-03-22 16:24:43] [Cmd Executed] [root] users status ff username ban
[2026-03-22 16:24:49] [Cmd Executed] [root] users status ff username timeout 30s
[2026-03-22 16:24:51] [Cmd Executed] [root] lcs
[2026-03-22 16:24:55] [Cmd Executed] [root] c
[2026-03-22 16:25:14] [Cmd Executed] [root] lookup cfx
[2026-03-22 16:25:47] [Cmd Executed] [root] cls
[2026-03-22 16:27:00] [Cmd Executed] [root] cls
[2026-03-22 16:27:06] [Cmd Executed] [root] h
[2026-03-22 16:27:06] [Cmd Executed] [root] ?
[2026-03-22 16:27:07] [Cmd Executed] [root] cls
[2026-03-22 16:27:11] [Cmd Executed] [root] commnads
[2026-03-22 16:27:17] [Cmd Executed] [root] commands
[2026-03-22 16:27:20] [Cmd Executed] [root] title
[2026-03-22 16:27:22] [Cmd Executed] [root] tos
[2026-03-22 16:27:38] [User Login] [root] ::1
[2026-03-22 16:27:51] [Cmd Executed] [root] users add
[2026-03-22 16:28:18] [Cmd Executed] [root] users add
[2026-03-22 16:28:35] [Cmd Executed] [root] users edit roof
[2026-03-22 16:28:41] [Cmd Executed] [root] users edit roof days 3
[2026-03-22 16:28:44] [User Login] [roof] ::1
[2026-03-22 16:28:56] [Cmd Executed] [roof] help
[2026-03-22 16:28:57] [Cmd Executed] [roof] commands
[2026-03-22 16:29:03] [Cmd Executed] [roof] users
[2026-03-22 16:29:04] [Cmd Executed] [roof] users set
[2026-03-22 16:29:05] [Cmd Executed] [roof] cls
[2026-03-22 16:29:09] [Cmd Executed] [roof] editall
[2026-03-22 16:29:10] [Cmd Executed] [roof] edit 
[2026-03-22 16:29:15] [Cmd Executed] [root] editall
[2026-03-22 16:29:25] [Cmd Executed] [root] editall day 1
[2026-03-22 16:29:27] [Cmd Executed] [roof] plan
[2026-03-22 16:29:30] [Cmd Executed] [root] editall day 1
[2026-03-22 16:29:31] [Cmd Executed] [roof] plan
[2026-03-22 16:29:34] [Cmd Executed] [root] editall day 40
[2026-03-22 16:29:39] [Cmd Executed] [roof] plan
[2026-03-22 16:29:42] [Cmd Executed] [root] editall day 0
[2026-03-22 16:29:44] [Cmd Executed] [roof] plan
[2026-03-22 16:29:53] [Cmd Executed] [root] users edit all days 1
[2026-03-22 16:29:54] [Cmd Executed] [roof] plan
[2026-03-22 16:30:00] [Cmd Executed] [root] users set roof days 1
[2026-03-22 16:30:01] [Cmd Executed] [roof] plan
[2026-03-22 16:30:02] [Cmd Executed] [roof] plan
[2026-03-22 16:30:20] [Cmd Executed] [roof] themes
[2026-03-22 16:30:21] [Cmd Executed] [roof] cls
[2026-03-22 16:30:34] [Cmd Executed] [roof] users list
[2026-03-22 16:30:36] [Cmd Executed] [root] users list
[2026-03-22 16:33:19] [Cmd Executed] [roof] ؤ
[2026-03-22 16:33:20] [Cmd Executed] [roof] c
[2026-03-22 16:40:46] [Cmd Executed] [roof] c
[2026-03-22 16:40:52] [Cmd Executed] [roof] help
[2026-03-22 16:41:01] [Cmd Executed] [roof] ENCRYPT
[2026-03-22 16:41:07] [Cmd Executed] [roof] decrypt
[2026-03-22 17:19:52] [User Login] [root] ::1
[2026-03-22 17:20:03] [Cmd Executed] [root] users add
[2026-03-22 17:21:17] [User Login] [root] ::1
[2026-03-22 17:21:28] [Cmd Executed] [root] help
[2026-03-22 17:21:29] [Cmd Executed] [root] plan
[2026-03-22 17:21:29] [Cmd Executed] [root] c
[2026-03-22 17:21:41] [Cmd Executed] [root] ?
[2026-03-22 17:21:42] [Cmd Executed] [root] cls
[2026-03-22 17:21:47] [Cmd Executed] [root] users add
[2026-03-22 17:21:51] [Cmd Executed] [root] cls
[2026-03-22 17:22:13] [User Login] [root] ::1
[2026-03-22 17:22:21] [Cmd Executed] [root] ?
[2026-03-22 17:22:21] [Cmd Executed] [root] cls
[2026-03-22 17:22:50] [Cmd Executed] [root] users add
[2026-03-22 17:22:57] [Cmd Executed] [root] users add
[2026-03-22 17:33:52] [User Login] [root] ::1
[2026-03-22 17:33:59] [Cmd Executed] [root] users
[2026-03-22 17:34:01] [Cmd Executed] [root] users add
[2026-03-22 17:49:02] [User Login] [root] ::1
[2026-03-22 17:49:12] [Cmd Executed] [root] users add
[2026-03-22 18:37:06] [User Login] [root] ::1
[2026-03-22 18:37:13] [Cmd Executed] [root] users add
[2026-03-22 18:40:47] [User Login] [root] ::1
[2026-03-22 18:40:58] [Cmd Executed] [root] c
[2026-03-22 18:41:09] [Cmd Executed] [root] help
[2026-03-22 18:41:10] [Cmd Executed] [root] plan
[2026-03-22 18:41:11] [Cmd Executed] [root] methods
[2026-03-22 18:41:11] [Cmd Executed] [root] c
[2026-03-22 18:41:23] [User Logout] [root] ::1
[2026-03-22 18:41:24] [User Login] [root] ::1
[2026-03-22 18:41:32] [Cmd Executed] [root] bots
[2026-03-22 18:41:34] [Cmd Executed] [root] c
[2026-03-22 18:41:44] [Cmd Executed] [root] !tab
[2026-03-22 18:41:46] [Cmd Executed] [root] help
[2026-03-22 18:41:46] [Cmd Executed] [root] c
[2026-03-22 18:41:50] [Cmd Executed] [root] users add
[2026-03-22 18:42:29] [User Login] [of] ::1
[2026-03-22 18:42:42] [Cmd Executed] [of] help
[2026-03-22 18:42:43] [Cmd Executed] [of] plan
[2026-03-22 18:45:03] [Cmd Executed] [of] c
[2026-03-22 18:45:05] [Cmd Executed] [root] logs
[2026-03-22 18:45:11] [Cmd Executed] [of] help
[2026-03-22 18:45:17] [Cmd Executed] [of] ping
[2026-03-22 20:05:30] [Cmd Executed] [of] ؤ
[2026-03-22 20:05:31] [Cmd Executed] [of] c
[2026-03-23 19:29:59] [User Login] [root] ::1
[2026-03-23 19:30:09] [Cmd Executed] [root] methods
[2026-03-23 19:30:11] [Cmd Executed] [root] cls
[2026-03-23 19:30:15] [Cmd Executed] [root] help
[2026-03-23 19:30:22] [Cmd Executed] [root] plan
[2026-03-23 19:30:23] [Cmd Executed] [root] c
[2026-03-23 19:30:27] [Cmd Executed] [root] commands
[2026-03-23 19:30:35] [Cmd Executed] [root] methodslist
[2026-03-23 19:31:19] [Cmd Executed] [root] attacks
[2026-04-15 18:05:50] [User Login] [root] 178.86.194.169
[2026-04-15 18:07:41] [Cmd Executed] [root] c
[2026-04-15 18:07:42] [Cmd Executed] [root] c
[2026-04-15 18:10:01] [Cmd Executed] [root] c
[2026-04-15 18:10:02] [Cmd Executed] [root] c
[2026-04-15 18:12:39] [Cmd Executed] [root] C
[2026-04-15 18:12:40] [Cmd Executed] [root] C
[2026-04-15 18:12:41] [Cmd Executed] [root] C
[2026-04-15 18:12:41] [Cmd Executed] [root] C
[2026-04-15 18:12:42] [Cmd Executed] [root] C
[2026-04-15 18:12:42] [Cmd Executed] [root] C
[2026-04-15 18:12:42] [Cmd Executed] [root] C
[2026-04-15 18:12:43] [Cmd Executed] [root] C
[2026-04-15 18:12:43] [Cmd Executed] [root] C
[2026-04-15 18:13:37] [Cmd Executed] [root] C
[2026-04-15 18:13:37] [Cmd Executed] [root] C
[2026-04-15 18:13:38] [Cmd Executed] [root] C
[2026-04-15 18:13:38] [Cmd Executed] [root] C
[2026-04-15 18:13:39] [Cmd Executed] [root] C
[2026-04-15 18:13:39] [Cmd Executed] [root] C
[2026-04-15 18:13:40] [Cmd Executed] [root] C
[2026-04-15 18:13:40] [Cmd Executed] [root] C
[2026-04-15 18:13:48] [Cmd Executed] [root] C
[2026-04-15 18:13:49] [Cmd Executed] [root] C
[2026-04-15 18:13:49] [Cmd Executed] [root] C
[2026-04-15 18:13:50] [Cmd Executed] [root] C
[2026-04-15 18:14:48] [Cmd Executed] [root] C
[2026-04-15 18:14:49] [Cmd Executed] [root] C
[2026-04-15 18:14:50] [Cmd Executed] [root] c
[2026-04-15 18:14:50] [Cmd Executed] [root] c
[2026-04-15 19:08:48] [Cmd Executed] [root] c
[2026-04-15 19:12:32] [User Logout] [root] 178.86.194.169
